# JRE version: 7.0_17-b02
# Java VM: Java HotSpot(TM) 64-Bit Server VM (23.7-b01 mixed mode linux-amd64 compressed oops)
Heap
 PSYoungGen      total 29952K, used 21864K [0x00000000edf60000, 0x00000000efee0000, 0x0000000100000000)
  eden space 27648K, 70% used [0x00000000edf60000,0x00000000ef27ea28,0x00000000efa60000)
  from space 2304K, 99% used [0x00000000efca0000,0x00000000efedb950,0x00000000efee0000)
  to   space 2304K, 0% used [0x00000000efa60000,0x00000000efa60000,0x00000000efca0000)
 ParOldGen       total 36928K, used 19625K [0x00000000c9e00000, 0x00000000cc210000, 0x00000000edf60000)
  object space 36928K, 53% used [0x00000000c9e00000,0x00000000cb12a778,0x00000000cc210000)
 PSPermGen       total 21248K, used 10492K [0x00000000c4c00000, 0x00000000c60c0000, 0x00000000c9e00000)
  object space 21248K, 49% used [0x00000000c4c00000,0x00000000c563f198,0x00000000c60c0000)
GC Heap History (4 events):
Event: 0,398 GC heap before
{Heap before GC invocations=1 (full 0):
 PSYoungGen      total 16128K, used 13824K [0x00000000edf60000, 0x00000000ef160000, 0x0000000100000000)
  eden space 13824K, 100% used [0x00000000edf60000,0x00000000eece0000,0x00000000eece0000)
  from space 2304K, 0% used [0x00000000eef20000,0x00000000eef20000,0x00000000ef160000)
  to   space 2304K, 0% used [0x00000000eece0000,0x00000000eece0000,0x00000000eef20000)
 ParOldGen       total 36928K, used 0K [0x00000000c9e00000, 0x00000000cc210000, 0x00000000edf60000)
  object space 36928K, 0% used [0x00000000c9e00000,0x00000000c9e00000,0x00000000cc210000)
 PSPermGen       total 21248K, used 10311K [0x00000000c4c00000, 0x00000000c60c0000, 0x00000000c9e00000)
  object space 21248K, 48% used [0x00000000c4c00000,0x00000000c5611ea8,0x00000000c60c0000)
Event: 0,404 GC heap after
Heap after GC invocations=1 (full 0):
 PSYoungGen      total 16128K, used 2286K [0x00000000edf60000, 0x00000000efee0000, 0x0000000100000000)
  eden space 13824K, 0% used [0x00000000edf60000,0x00000000edf60000,0x00000000eece0000)
  from space 2304K, 99% used [0x00000000eece0000,0x00000000eef1b970,0x00000000eef20000)
  to   space 2304K, 0% used [0x00000000efca0000,0x00000000efca0000,0x00000000efee0000)
 ParOldGen       total 36928K, used 6017K [0x00000000c9e00000, 0x00000000cc210000, 0x00000000edf60000)
  object space 36928K, 16% used [0x00000000c9e00000,0x00000000ca3e0738,0x00000000cc210000)
 PSPermGen       total 21248K, used 10311K [0x00000000c4c00000, 0x00000000c60c0000, 0x00000000c9e00000)
  object space 21248K, 48% used [0x00000000c4c00000,0x00000000c5611ea8,0x00000000c60c0000)
}
Event: 0,445 GC heap before
{Heap before GC invocations=2 (full 0):
 PSYoungGen      total 16128K, used 16110K [0x00000000edf60000, 0x00000000efee0000, 0x0000000100000000)
  eden space 13824K, 100% used [0x00000000edf60000,0x00000000eece0000,0x00000000eece0000)
  from space 2304K, 99% used [0x00000000eece0000,0x00000000eef1b970,0x00000000eef20000)
  to   space 2304K, 0% used [0x00000000efca0000,0x00000000efca0000,0x00000000efee0000)
 ParOldGen       total 36928K, used 6017K [0x00000000c9e00000, 0x00000000cc210000, 0x00000000edf60000)
  object space 36928K, 16% used [0x00000000c9e00000,0x00000000ca3e0738,0x00000000cc210000)
 PSPermGen       total 21248K, used 10311K [0x00000000c4c00000, 0x00000000c60c0000, 0x00000000c9e00000)
  object space 21248K, 48% used [0x00000000c4c00000,0x00000000c5611ea8,0x00000000c60c0000)
Event: 0,463 GC heap after
Heap after GC invocations=2 (full 0):
 PSYoungGen      total 29952K, used 2286K [0x00000000edf60000, 0x00000000efee0000, 0x0000000100000000)
  eden space 27648K, 0% used [0x00000000edf60000,0x00000000edf60000,0x00000000efa60000)
  from space 2304K, 99% used [0x00000000efca0000,0x00000000efedb950,0x00000000efee0000)
  to   space 2304K, 0% used [0x00000000efa60000,0x00000000efa60000,0x00000000efca0000)
 ParOldGen       total 36928K, used 19625K [0x00000000c9e00000, 0x00000000cc210000, 0x00000000edf60000)
  object space 36928K, 53% used [0x00000000c9e00000,0x00000000cb12a778,0x00000000cc210000)
 PSPermGen       total 21248K, used 10311K [0x00000000c4c00000, 0x00000000c60c0000, 0x00000000c9e00000)
  object space 21248K, 48% used [0x00000000c4c00000,0x00000000c5611ea8,0x00000000c60c0000)
}

