# JRE version: 7.0_17-b02
# Java VM: Java HotSpot(TM) 64-Bit Server VM (23.7-b01 mixed mode linux-amd64 compressed oops)
Heap
 PSYoungGen      total 16128K, used 1071K [0x00000000edf60000, 0x00000000efee0000, 0x0000000100000000)
  eden space 13824K, 7% used [0x00000000edf60000,0x00000000ee06bdf0,0x00000000eece0000)
  from space 2304K, 0% used [0x00000000eece0000,0x00000000eece0000,0x00000000eef20000)
  to   space 2304K, 0% used [0x00000000efca0000,0x00000000efca0000,0x00000000efee0000)
 ParOldGen       total 70848K, used 35642K [0x00000000c9e00000, 0x00000000ce330000, 0x00000000edf60000)
  object space 70848K, 50% used [0x00000000c9e00000,0x00000000cc0ce8c0,0x00000000ce330000)
 PSPermGen       total 21248K, used 10364K [0x00000000c4c00000, 0x00000000c60c0000, 0x00000000c9e00000)
  object space 21248K, 48% used [0x00000000c4c00000,0x00000000c561f3a8,0x00000000c60c0000)
GC Heap History (8 events):
Event: 2,203 GC heap before
{Heap before GC invocations=1 (full 0):
 PSYoungGen      total 16128K, used 13824K [0x00000000edf60000, 0x00000000ef160000, 0x0000000100000000)
  eden space 13824K, 100% used [0x00000000edf60000,0x00000000eece0000,0x00000000eece0000)
  from space 2304K, 0% used [0x00000000eef20000,0x00000000eef20000,0x00000000ef160000)
  to   space 2304K, 0% used [0x00000000eece0000,0x00000000eece0000,0x00000000eef20000)
 ParOldGen       total 36928K, used 0K [0x00000000c9e00000, 0x00000000cc210000, 0x00000000edf60000)
  object space 36928K, 0% used [0x00000000c9e00000,0x00000000c9e00000,0x00000000cc210000)
 PSPermGen       total 21248K, used 10364K [0x00000000c4c00000, 0x00000000c60c0000, 0x00000000c9e00000)
  object space 21248K, 48% used [0x00000000c4c00000,0x00000000c561f150,0x00000000c60c0000)
Event: 2,218 GC heap after
Heap after GC invocations=1 (full 0):
 PSYoungGen      total 16128K, used 2286K [0x00000000edf60000, 0x00000000ef160000, 0x0000000100000000)
  eden space 13824K, 0% used [0x00000000edf60000,0x00000000edf60000,0x00000000eece0000)
  from space 2304K, 99% used [0x00000000eece0000,0x00000000eef1b970,0x00000000eef20000)
  to   space 2304K, 0% used [0x00000000eef20000,0x00000000eef20000,0x00000000ef160000)
 ParOldGen       total 36928K, used 6036K [0x00000000c9e00000, 0x00000000cc210000, 0x00000000edf60000)
  object space 36928K, 16% used [0x00000000c9e00000,0x00000000ca3e51a8,0x00000000cc210000)
 PSPermGen       total 21248K, used 10364K [0x00000000c4c00000, 0x00000000c60c0000, 0x00000000c9e00000)
  object space 21248K, 48% used [0x00000000c4c00000,0x00000000c561f150,0x00000000c60c0000)
}
Event: 2,252 GC heap before
{Heap before GC invocations=2 (full 0):
 PSYoungGen      total 16128K, used 16110K [0x00000000edf60000, 0x00000000ef160000, 0x0000000100000000)
  eden space 13824K, 100% used [0x00000000edf60000,0x00000000eece0000,0x00000000eece0000)
  from space 2304K, 99% used [0x00000000eece0000,0x00000000eef1b970,0x00000000eef20000)
  to   space 2304K, 0% used [0x00000000eef20000,0x00000000eef20000,0x00000000ef160000)
 ParOldGen       total 36928K, used 6036K [0x00000000c9e00000, 0x00000000cc210000, 0x00000000edf60000)
  object space 36928K, 16% used [0x00000000c9e00000,0x00000000ca3e51a8,0x00000000cc210000)
 PSPermGen       total 21248K, used 10364K [0x00000000c4c00000, 0x00000000c60c0000, 0x00000000c9e00000)
  object space 21248K, 48% used [0x00000000c4c00000,0x00000000c561f150,0x00000000c60c0000)
Event: 2,270 GC heap after
Heap after GC invocations=2 (full 0):
 PSYoungGen      total 16128K, used 2286K [0x00000000edf60000, 0x00000000efee0000, 0x0000000100000000)
  eden space 13824K, 0% used [0x00000000edf60000,0x00000000edf60000,0x00000000eece0000)
  from space 2304K, 99% used [0x00000000eef20000,0x00000000ef15b970,0x00000000ef160000)
  to   space 2304K, 0% used [0x00000000eece0000,0x00000000eece0000,0x00000000eef20000)
 ParOldGen       total 36928K, used 19644K [0x00000000c9e00000, 0x00000000cc210000, 0x00000000edf60000)
  object space 36928K, 53% used [0x00000000c9e00000,0x00000000cb12f1a8,0x00000000cc210000)
 PSPermGen       total 21248K, used 10364K [0x00000000c4c00000, 0x00000000c60c0000, 0x00000000c9e00000)
  object space 21248K, 48% used [0x00000000c4c00000,0x00000000c561f150,0x00000000c60c0000)
}
Event: 2,299 GC heap before
{Heap before GC invocations=3 (full 0):
 PSYoungGen      total 16128K, used 16110K [0x00000000edf60000, 0x00000000efee0000, 0x0000000100000000)
  eden space 13824K, 100% used [0x00000000edf60000,0x00000000eece0000,0x00000000eece0000)
  from space 2304K, 99% used [0x00000000eef20000,0x00000000ef15b970,0x00000000ef160000)
  to   space 2304K, 0% used [0x00000000eece0000,0x00000000eece0000,0x00000000eef20000)
 ParOldGen       total 36928K, used 19644K [0x00000000c9e00000, 0x00000000cc210000, 0x00000000edf60000)
  object space 36928K, 53% used [0x00000000c9e00000,0x00000000cb12f1a8,0x00000000cc210000)
 PSPermGen       total 21248K, used 10364K [0x00000000c4c00000, 0x00000000c60c0000, 0x00000000c9e00000)
  object space 21248K, 48% used [0x00000000c4c00000,0x00000000c561f150,0x00000000c60c0000)
Event: 2,319 GC heap after
Heap after GC invocations=3 (full 0):
 PSYoungGen      total 16128K, used 2302K [0x00000000edf60000, 0x00000000efee0000, 0x0000000100000000)
  eden space 13824K, 0% used [0x00000000edf60000,0x00000000edf60000,0x00000000eece0000)
  from space 2304K, 99% used [0x00000000eece0000,0x00000000eef1f960,0x00000000eef20000)
  to   space 2304K, 0% used [0x00000000efca0000,0x00000000efca0000,0x00000000efee0000)
 ParOldGen       total 36928K, used 33508K [0x00000000c9e00000, 0x00000000cc210000, 0x00000000edf60000)
  object space 36928K, 90% used [0x00000000c9e00000,0x00000000cbeb91d8,0x00000000cc210000)
 PSPermGen       total 21248K, used 10364K [0x00000000c4c00000, 0x00000000c60c0000, 0x00000000c9e00000)
  object space 21248K, 48% used [0x00000000c4c00000,0x00000000c561f150,0x00000000c60c0000)
}
Event: 2,319 GC heap before
{Heap before GC invocations=4 (full 1):
 PSYoungGen      total 16128K, used 2302K [0x00000000edf60000, 0x00000000efee0000, 0x0000000100000000)
  eden space 13824K, 0% used [0x00000000edf60000,0x00000000edf60000,0x00000000eece0000)
  from space 2304K, 99% used [0x00000000eece0000,0x00000000eef1f960,0x00000000eef20000)
  to   space 2304K, 0% used [0x00000000efca0000,0x00000000efca0000,0x00000000efee0000)
 ParOldGen       total 36928K, used 33508K [0x00000000c9e00000, 0x00000000cc210000, 0x00000000edf60000)
  object space 36928K, 90% used [0x00000000c9e00000,0x00000000cbeb91d8,0x00000000cc210000)
 PSPermGen       total 21248K, used 10364K [0x00000000c4c00000, 0x00000000c60c0000, 0x00000000c9e00000)
  object space 21248K, 48% used [0x00000000c4c00000,0x00000000c561f150,0x00000000c60c0000)
Event: 2,556 GC heap after
Heap after GC invocations=4 (full 1):
 PSYoungGen      total 16128K, used 0K [0x00000000edf60000, 0x00000000efee0000, 0x0000000100000000)
  eden space 13824K, 0% used [0x00000000edf60000,0x00000000edf60000,0x00000000eece0000)
  from space 2304K, 0% used [0x00000000eece0000,0x00000000eece0000,0x00000000eef20000)
  to   space 2304K, 0% used [0x00000000efca0000,0x00000000efca0000,0x00000000efee0000)
 ParOldGen       total 70848K, used 35642K [0x00000000c9e00000, 0x00000000ce330000, 0x00000000edf60000)
  object space 70848K, 50% used [0x00000000c9e00000,0x00000000cc0ce8c0,0x00000000ce330000)
 PSPermGen       total 21248K, used 10361K [0x00000000c4c00000, 0x00000000c60c0000, 0x00000000c9e00000)
  object space 21248K, 48% used [0x00000000c4c00000,0x00000000c561e450,0x00000000c60c0000)
}

